2020-01-10 20:09:32,201 [Worker-6: Loading available Gradle versions] INFO  o.e.b.c.i.u.g.PublishedGradleVersions - Gradle version information cache is out-of-date. Trying to update.
2020-01-10 20:10:08,702 [Worker-13: Building] INFO  o.e.m.c.i.l.LifecycleMappingFactory - Using org.eclipse.m2e.jdt.JarLifecycleMapping lifecycle mapping for MavenProject: com.epam.engx.cleancode:Complex-task:1.0-SNAPSHOT @ D:\rd_java_training\CleanCodeTasks\Complex-task\pom.xml.
2020-01-10 20:10:08,702 [Worker-15: Updating Maven Dependencies] INFO  o.e.m.c.i.l.LifecycleMappingFactory - Using org.eclipse.m2e.jdt.JarLifecycleMapping lifecycle mapping for MavenProject: com.epam.engx.cleancode:Complex-task:1.0-SNAPSHOT @ D:\rd_java_training\CleanCodeTasks\Complex-task\pom.xml.
2020-01-10 20:10:10,309 [Worker-13: Building] INFO  o.e.m.c.i.embedder.EclipseLogger - Using 'UTF-8' encoding to copy filtered resources.
2020-01-10 20:10:10,309 [Worker-13: Building] INFO  o.e.m.c.i.embedder.EclipseLogger - skip non existing resourceDirectory D:\rd_java_training\CleanCodeTasks\Complex-task\src\main\resources
2020-01-10 20:10:10,311 [Worker-13: Building] INFO  o.e.m.c.i.embedder.EclipseLogger - Using 'UTF-8' encoding to copy filtered resources.
2020-01-10 20:10:10,311 [Worker-13: Building] INFO  o.e.m.c.i.embedder.EclipseLogger - skip non existing resourceDirectory D:\rd_java_training\CleanCodeTasks\Complex-task\src\test\resources
2020-01-10 20:10:12,237 [Worker-6: Updating Maven Dependencies] INFO  o.e.m.c.i.l.LifecycleMappingFactory - Using org.eclipse.m2e.jdt.JarLifecycleMapping lifecycle mapping for MavenProject: com.epam.engx.cleancode:Complex-task:1.0-SNAPSHOT @ D:\rd_java_training\CleanCodeTasks\Complex-task\pom.xml.
2020-01-10 20:10:12,249 [Worker-10: Building] INFO  o.e.m.c.i.embedder.EclipseLogger - Using 'UTF-8' encoding to copy filtered resources.
2020-01-10 20:10:12,249 [Worker-10: Building] INFO  o.e.m.c.i.embedder.EclipseLogger - skip non existing resourceDirectory D:\rd_java_training\CleanCodeTasks\Complex-task\src\main\resources
2020-01-10 20:10:12,251 [Worker-10: Building] INFO  o.e.m.c.i.embedder.EclipseLogger - Using 'UTF-8' encoding to copy filtered resources.
2020-01-10 20:10:12,251 [Worker-10: Building] INFO  o.e.m.c.i.embedder.EclipseLogger - skip non existing resourceDirectory D:\rd_java_training\CleanCodeTasks\Complex-task\src\test\resources
2020-01-10 20:10:13,570 [Worker-15: Building] INFO  o.e.m.c.i.embedder.EclipseLogger - Using 'UTF-8' encoding to copy filtered resources.
2020-01-10 20:10:13,570 [Worker-15: Building] INFO  o.e.m.c.i.embedder.EclipseLogger - skip non existing resourceDirectory D:\rd_java_training\CleanCodeTasks\Complex-task\src\main\resources
2020-01-10 20:10:13,571 [Worker-15: Building] INFO  o.e.m.c.i.embedder.EclipseLogger - Using 'UTF-8' encoding to copy filtered resources.
2020-01-10 20:10:13,571 [Worker-15: Building] INFO  o.e.m.c.i.embedder.EclipseLogger - skip non existing resourceDirectory D:\rd_java_training\CleanCodeTasks\Complex-task\src\test\resources
2020-01-10 20:11:16,197 [Worker-0: Building] INFO  o.e.m.c.i.l.LifecycleMappingFactory - Using org.eclipse.m2e.jdt.JarLifecycleMapping lifecycle mapping for MavenProject: com.epam.engx.cleancode:Error-Handling:1.0-SNAPSHOT @ D:\rd_java_training\CleanCodeTasks\Error-Handling\pom.xml.
2020-01-10 20:11:16,337 [Worker-0: Building] INFO  o.e.m.c.i.embedder.EclipseLogger - Using 'UTF-8' encoding to copy filtered resources.
2020-01-10 20:11:16,337 [Worker-0: Building] INFO  o.e.m.c.i.embedder.EclipseLogger - skip non existing resourceDirectory D:\rd_java_training\CleanCodeTasks\Error-Handling\src\main\resources
2020-01-10 20:11:16,338 [Worker-0: Building] INFO  o.e.m.c.i.embedder.EclipseLogger - Using 'UTF-8' encoding to copy filtered resources.
2020-01-10 20:11:16,338 [Worker-0: Building] INFO  o.e.m.c.i.embedder.EclipseLogger - skip non existing resourceDirectory D:\rd_java_training\CleanCodeTasks\Error-Handling\src\test\resources
2020-01-10 20:11:16,569 [Worker-1: Updating Maven Dependencies] INFO  o.e.m.c.i.l.LifecycleMappingFactory - Using org.eclipse.m2e.jdt.JarLifecycleMapping lifecycle mapping for MavenProject: com.epam.engx.cleancode:Error-Handling:1.0-SNAPSHOT @ D:\rd_java_training\CleanCodeTasks\Error-Handling\pom.xml.
2020-01-10 20:11:17,570 [Worker-5: Building] INFO  o.e.m.c.i.embedder.EclipseLogger - Using 'UTF-8' encoding to copy filtered resources.
2020-01-10 20:11:17,570 [Worker-5: Building] INFO  o.e.m.c.i.embedder.EclipseLogger - skip non existing resourceDirectory D:\rd_java_training\CleanCodeTasks\Error-Handling\src\main\resources
2020-01-10 20:11:17,571 [Worker-5: Building] INFO  o.e.m.c.i.embedder.EclipseLogger - Using 'UTF-8' encoding to copy filtered resources.
2020-01-10 20:11:17,572 [Worker-5: Building] INFO  o.e.m.c.i.embedder.EclipseLogger - skip non existing resourceDirectory D:\rd_java_training\CleanCodeTasks\Error-Handling\src\test\resources
2020-01-10 20:11:26,738 [Worker-0: Building] INFO  o.e.m.c.i.l.LifecycleMappingFactory - Using org.eclipse.m2e.jdt.JarLifecycleMapping lifecycle mapping for MavenProject: com.epam.engx.cleancode:Functions:1.0-SNAPSHOT @ D:\rd_java_training\CleanCodeTasks\Functions\pom.xml.
2020-01-10 20:11:26,905 [Worker-0: Building] INFO  o.e.m.c.i.embedder.EclipseLogger - Using 'UTF-8' encoding to copy filtered resources.
2020-01-10 20:11:26,908 [Worker-0: Building] INFO  o.e.m.c.i.embedder.EclipseLogger - Copying 1 resource
2020-01-10 20:11:26,924 [Worker-0: Building] INFO  o.e.m.c.i.embedder.EclipseLogger - Using 'UTF-8' encoding to copy filtered resources.
2020-01-10 20:11:26,924 [Worker-0: Building] INFO  o.e.m.c.i.embedder.EclipseLogger - skip non existing resourceDirectory D:\rd_java_training\CleanCodeTasks\Functions\src\test\resources
2020-01-10 20:11:27,059 [Worker-11: Updating Maven Dependencies] INFO  o.e.m.c.i.l.LifecycleMappingFactory - Using org.eclipse.m2e.jdt.JarLifecycleMapping lifecycle mapping for MavenProject: com.epam.engx.cleancode:Functions:1.0-SNAPSHOT @ D:\rd_java_training\CleanCodeTasks\Functions\pom.xml.
2020-01-10 20:11:28,170 [Worker-13: Building] INFO  o.e.m.c.i.embedder.EclipseLogger - Using 'UTF-8' encoding to copy filtered resources.
2020-01-10 20:11:28,173 [Worker-13: Building] INFO  o.e.m.c.i.embedder.EclipseLogger - Copying 1 resource
2020-01-10 20:11:28,198 [Worker-13: Building] INFO  o.e.m.c.i.embedder.EclipseLogger - Using 'UTF-8' encoding to copy filtered resources.
2020-01-10 20:11:28,198 [Worker-13: Building] INFO  o.e.m.c.i.embedder.EclipseLogger - skip non existing resourceDirectory D:\rd_java_training\CleanCodeTasks\Functions\src\test\resources
2020-01-10 20:11:35,318 [Worker-14: Building] INFO  o.e.m.c.i.embedder.EclipseLogger - Using 'UTF-8' encoding to copy filtered resources.
2020-01-10 20:11:35,319 [Worker-14: Building] INFO  o.e.m.c.i.embedder.EclipseLogger - skip non existing resourceDirectory D:\rd_java_training\CleanCodeTasks\Complex-task\src\main\resources
2020-01-10 20:11:35,319 [Worker-14: Building] INFO  o.e.m.c.i.embedder.EclipseLogger - Using 'UTF-8' encoding to copy filtered resources.
2020-01-10 20:11:35,319 [Worker-14: Building] INFO  o.e.m.c.i.embedder.EclipseLogger - skip non existing resourceDirectory D:\rd_java_training\CleanCodeTasks\Complex-task\src\test\resources
2020-01-10 20:11:35,325 [Worker-14: Building] INFO  o.e.m.c.i.embedder.EclipseLogger - Using 'UTF-8' encoding to copy filtered resources.
2020-01-10 20:11:35,325 [Worker-14: Building] INFO  o.e.m.c.i.embedder.EclipseLogger - skip non existing resourceDirectory D:\rd_java_training\CleanCodeTasks\Error-Handling\src\main\resources
2020-01-10 20:11:35,327 [Worker-14: Building] INFO  o.e.m.c.i.embedder.EclipseLogger - Using 'UTF-8' encoding to copy filtered resources.
2020-01-10 20:11:35,327 [Worker-14: Building] INFO  o.e.m.c.i.embedder.EclipseLogger - skip non existing resourceDirectory D:\rd_java_training\CleanCodeTasks\Error-Handling\src\test\resources
2020-01-10 20:11:35,333 [Worker-14: Building] INFO  o.e.m.c.i.embedder.EclipseLogger - Using 'UTF-8' encoding to copy filtered resources.
2020-01-10 20:11:35,333 [Worker-14: Building] INFO  o.e.m.c.i.embedder.EclipseLogger - Copying 0 resource
2020-01-10 20:11:35,334 [Worker-14: Building] INFO  o.e.m.c.i.embedder.EclipseLogger - Using 'UTF-8' encoding to copy filtered resources.
2020-01-10 20:11:35,334 [Worker-14: Building] INFO  o.e.m.c.i.embedder.EclipseLogger - skip non existing resourceDirectory D:\rd_java_training\CleanCodeTasks\Functions\src\test\resources
2020-01-10 20:21:37,811 [Worker-25: Building] INFO  o.e.m.c.i.embedder.EclipseLogger - Using 'UTF-8' encoding to copy filtered resources.
2020-01-10 20:21:37,812 [Worker-25: Building] INFO  o.e.m.c.i.embedder.EclipseLogger - Copying 1 resource
2020-01-10 20:21:37,813 [Worker-25: Building] INFO  o.e.m.c.i.embedder.EclipseLogger - Using 'UTF-8' encoding to copy filtered resources.
2020-01-10 20:21:37,814 [Worker-25: Building] INFO  o.e.m.c.i.embedder.EclipseLogger - skip non existing resourceDirectory D:\rd_java_training\CleanCodeTasks\Functions\src\test\resources
2020-01-10 20:29:44,795 [Worker-4: Loading available Gradle versions] INFO  o.e.b.c.i.u.g.PublishedGradleVersions - Gradle version information cache is up-to-date. Trying to read.
2020-01-13 09:31:00,924 [Worker-604: Building] INFO  o.e.m.c.i.embedder.EclipseLogger - Using 'UTF-8' encoding to copy filtered resources.
2020-01-13 09:31:00,925 [Worker-604: Building] INFO  o.e.m.c.i.embedder.EclipseLogger - skip non existing resourceDirectory D:\rd_java_training\CleanCodeTasks\Complex-task\src\main\resources
2020-01-13 09:31:00,926 [Worker-604: Building] INFO  o.e.m.c.i.embedder.EclipseLogger - Using 'UTF-8' encoding to copy filtered resources.
2020-01-13 09:31:00,926 [Worker-604: Building] INFO  o.e.m.c.i.embedder.EclipseLogger - skip non existing resourceDirectory D:\rd_java_training\CleanCodeTasks\Complex-task\src\test\resources
2020-01-13 09:31:06,725 [Worker-601: Building] INFO  o.e.m.c.i.embedder.EclipseLogger - Using 'UTF-8' encoding to copy filtered resources.
2020-01-13 09:31:06,725 [Worker-601: Building] INFO  o.e.m.c.i.embedder.EclipseLogger - skip non existing resourceDirectory D:\rd_java_training\CleanCodeTasks\Complex-task\src\main\resources
2020-01-13 09:31:06,726 [Worker-601: Building] INFO  o.e.m.c.i.embedder.EclipseLogger - Using 'UTF-8' encoding to copy filtered resources.
2020-01-13 09:31:06,726 [Worker-601: Building] INFO  o.e.m.c.i.embedder.EclipseLogger - skip non existing resourceDirectory D:\rd_java_training\CleanCodeTasks\Complex-task\src\test\resources
2020-01-13 09:31:14,203 [Worker-601: Building] INFO  o.e.m.c.i.embedder.EclipseLogger - Using 'UTF-8' encoding to copy filtered resources.
2020-01-13 09:31:14,203 [Worker-601: Building] INFO  o.e.m.c.i.embedder.EclipseLogger - skip non existing resourceDirectory D:\rd_java_training\CleanCodeTasks\Complex-task\src\main\resources
2020-01-13 09:31:14,204 [Worker-601: Building] INFO  o.e.m.c.i.embedder.EclipseLogger - Using 'UTF-8' encoding to copy filtered resources.
2020-01-13 09:31:14,204 [Worker-601: Building] INFO  o.e.m.c.i.embedder.EclipseLogger - skip non existing resourceDirectory D:\rd_java_training\CleanCodeTasks\Complex-task\src\test\resources
2020-01-13 09:42:24,835 [Worker-606: Building] INFO  o.e.m.c.i.l.LifecycleMappingFactory - Using org.eclipse.m2e.jdt.JarLifecycleMapping lifecycle mapping for MavenProject: com.epam.engx.cleancode:Complex-task:1.0-SNAPSHOT @ D:\rd_java_training\CleanCodeTasks\Complex-task\pom.xml.
2020-01-13 09:42:25,345 [Worker-606: Building] INFO  o.e.m.c.i.embedder.EclipseLogger - Using 'UTF-8' encoding to copy filtered resources.
2020-01-13 09:42:25,345 [Worker-606: Building] INFO  o.e.m.c.i.embedder.EclipseLogger - skip non existing resourceDirectory D:\rd_java_training\CleanCodeTasks\Complex-task\src\main\resources
2020-01-13 09:42:25,346 [Worker-606: Building] INFO  o.e.m.c.i.embedder.EclipseLogger - Using 'UTF-8' encoding to copy filtered resources.
2020-01-13 09:42:25,347 [Worker-606: Building] INFO  o.e.m.c.i.embedder.EclipseLogger - skip non existing resourceDirectory D:\rd_java_training\CleanCodeTasks\Complex-task\src\test\resources
2020-01-13 09:42:25,872 [Worker-605: Building] INFO  o.e.m.c.i.l.LifecycleMappingFactory - Using org.eclipse.m2e.jdt.JarLifecycleMapping lifecycle mapping for MavenProject: com.epam.engx.cleancode:Error-Handling:1.0-SNAPSHOT @ D:\rd_java_training\CleanCodeTasks\Error-Handling\pom.xml.
2020-01-13 09:42:26,072 [Worker-605: Building] INFO  o.e.m.c.i.embedder.EclipseLogger - Using 'UTF-8' encoding to copy filtered resources.
2020-01-13 09:42:26,072 [Worker-605: Building] INFO  o.e.m.c.i.embedder.EclipseLogger - skip non existing resourceDirectory D:\rd_java_training\CleanCodeTasks\Error-Handling\src\main\resources
2020-01-13 09:42:26,073 [Worker-605: Building] INFO  o.e.m.c.i.embedder.EclipseLogger - Using 'UTF-8' encoding to copy filtered resources.
2020-01-13 09:42:26,073 [Worker-605: Building] INFO  o.e.m.c.i.embedder.EclipseLogger - skip non existing resourceDirectory D:\rd_java_training\CleanCodeTasks\Error-Handling\src\test\resources
2020-01-13 09:42:26,367 [Worker-605: Building] INFO  o.e.m.c.i.l.LifecycleMappingFactory - Using org.eclipse.m2e.jdt.JarLifecycleMapping lifecycle mapping for MavenProject: com.epam.engx.cleancode:Functions:1.0-SNAPSHOT @ D:\rd_java_training\CleanCodeTasks\Functions\pom.xml.
2020-01-13 09:42:26,570 [Worker-605: Building] INFO  o.e.m.c.i.embedder.EclipseLogger - Using 'UTF-8' encoding to copy filtered resources.
2020-01-13 09:42:26,574 [Worker-605: Building] INFO  o.e.m.c.i.embedder.EclipseLogger - Copying 1 resource
2020-01-13 09:42:26,591 [Worker-605: Building] INFO  o.e.m.c.i.embedder.EclipseLogger - Using 'UTF-8' encoding to copy filtered resources.
2020-01-13 09:42:26,591 [Worker-605: Building] INFO  o.e.m.c.i.embedder.EclipseLogger - skip non existing resourceDirectory D:\rd_java_training\CleanCodeTasks\Functions\src\test\resources
2020-01-13 09:43:36,421 [Worker-609: Building] INFO  o.e.m.c.i.embedder.EclipseLogger - Using 'UTF-8' encoding to copy filtered resources.
2020-01-13 09:43:36,421 [Worker-609: Building] INFO  o.e.m.c.i.embedder.EclipseLogger - skip non existing resourceDirectory D:\rd_java_training\CleanCodeTasks\Complex-task\src\main\resources
2020-01-13 09:43:36,422 [Worker-609: Building] INFO  o.e.m.c.i.embedder.EclipseLogger - Using 'UTF-8' encoding to copy filtered resources.
2020-01-13 09:43:36,422 [Worker-609: Building] INFO  o.e.m.c.i.embedder.EclipseLogger - skip non existing resourceDirectory D:\rd_java_training\CleanCodeTasks\Complex-task\src\test\resources
2020-01-13 09:45:39,134 [Worker-612: Building] INFO  o.e.m.c.i.embedder.EclipseLogger - Using 'UTF-8' encoding to copy filtered resources.
2020-01-13 09:45:39,134 [Worker-612: Building] INFO  o.e.m.c.i.embedder.EclipseLogger - skip non existing resourceDirectory D:\rd_java_training\CleanCodeTasks\Error-Handling\src\main\resources
2020-01-13 09:45:39,136 [Worker-612: Building] INFO  o.e.m.c.i.embedder.EclipseLogger - Using 'UTF-8' encoding to copy filtered resources.
2020-01-13 09:45:39,136 [Worker-612: Building] INFO  o.e.m.c.i.embedder.EclipseLogger - skip non existing resourceDirectory D:\rd_java_training\CleanCodeTasks\Error-Handling\src\test\resources
2020-01-13 09:47:00,505 [Worker-607: Building] INFO  o.e.m.c.i.embedder.EclipseLogger - Using 'UTF-8' encoding to copy filtered resources.
2020-01-13 09:47:00,508 [Worker-607: Building] INFO  o.e.m.c.i.embedder.EclipseLogger - Copying 1 resource
2020-01-13 09:47:00,509 [Worker-607: Building] INFO  o.e.m.c.i.embedder.EclipseLogger - Using 'UTF-8' encoding to copy filtered resources.
2020-01-13 09:47:00,509 [Worker-607: Building] INFO  o.e.m.c.i.embedder.EclipseLogger - skip non existing resourceDirectory D:\rd_java_training\CleanCodeTasks\Functions\src\test\resources
2020-01-13 09:47:14,690 [Worker-607: Building] INFO  o.e.m.c.i.embedder.EclipseLogger - Using 'UTF-8' encoding to copy filtered resources.
2020-01-13 09:47:14,691 [Worker-607: Building] INFO  o.e.m.c.i.embedder.EclipseLogger - Copying 1 resource
2020-01-13 09:47:14,692 [Worker-607: Building] INFO  o.e.m.c.i.embedder.EclipseLogger - Using 'UTF-8' encoding to copy filtered resources.
2020-01-13 09:47:14,692 [Worker-607: Building] INFO  o.e.m.c.i.embedder.EclipseLogger - skip non existing resourceDirectory D:\rd_java_training\CleanCodeTasks\Functions\src\test\resources
2020-01-13 09:48:55,997 [Worker-612: Building] INFO  o.e.m.c.i.embedder.EclipseLogger - Using 'UTF-8' encoding to copy filtered resources.
2020-01-13 09:48:55,998 [Worker-612: Building] INFO  o.e.m.c.i.embedder.EclipseLogger - Copying 0 resource
2020-01-13 09:48:56,004 [Worker-612: Building] INFO  o.e.m.c.i.embedder.EclipseLogger - Using 'UTF-8' encoding to copy filtered resources.
2020-01-13 09:48:56,004 [Worker-612: Building] INFO  o.e.m.c.i.embedder.EclipseLogger - skip non existing resourceDirectory D:\rd_java_training\CleanCodeTasks\Functions\src\test\resources
2020-01-13 09:49:15,609 [Worker-612: Building] INFO  o.e.m.c.i.l.LifecycleMappingFactory - Using org.eclipse.m2e.jdt.JarLifecycleMapping lifecycle mapping for MavenProject: com.epam.engx.cleancode:Comments:1.0-SNAPSHOT @ D:\rd_java_training\CleanCodeTasks\Comments\pom.xml.
2020-01-13 09:49:15,906 [Worker-612: Building] INFO  o.e.m.c.i.embedder.EclipseLogger - Using 'UTF-8' encoding to copy filtered resources.
2020-01-13 09:49:15,906 [Worker-612: Building] INFO  o.e.m.c.i.embedder.EclipseLogger - skip non existing resourceDirectory D:\rd_java_training\CleanCodeTasks\Comments\src\main\resources
2020-01-13 09:49:15,907 [Worker-612: Building] INFO  o.e.m.c.i.embedder.EclipseLogger - Using 'UTF-8' encoding to copy filtered resources.
2020-01-13 09:49:15,907 [Worker-612: Building] INFO  o.e.m.c.i.embedder.EclipseLogger - skip non existing resourceDirectory D:\rd_java_training\CleanCodeTasks\Comments\src\test\resources
2020-01-13 09:49:16,983 [Worker-612: Updating Maven Dependencies] INFO  o.e.m.c.i.l.LifecycleMappingFactory - Using org.eclipse.m2e.jdt.JarLifecycleMapping lifecycle mapping for MavenProject: com.epam.engx.cleancode:Comments:1.0-SNAPSHOT @ D:\rd_java_training\CleanCodeTasks\Comments\pom.xml.
2020-01-13 09:49:17,276 [Worker-616: Building] INFO  o.e.m.c.i.embedder.EclipseLogger - Using 'UTF-8' encoding to copy filtered resources.
2020-01-13 09:49:17,276 [Worker-616: Building] INFO  o.e.m.c.i.embedder.EclipseLogger - skip non existing resourceDirectory D:\rd_java_training\CleanCodeTasks\Comments\src\main\resources
2020-01-13 09:49:17,277 [Worker-616: Building] INFO  o.e.m.c.i.embedder.EclipseLogger - Using 'UTF-8' encoding to copy filtered resources.
2020-01-13 09:49:17,277 [Worker-616: Building] INFO  o.e.m.c.i.embedder.EclipseLogger - skip non existing resourceDirectory D:\rd_java_training\CleanCodeTasks\Comments\src\test\resources
2020-01-13 09:49:25,151 [Worker-611: Building] INFO  o.e.m.c.i.l.LifecycleMappingFactory - Using org.eclipse.m2e.jdt.JarLifecycleMapping lifecycle mapping for MavenProject: com.epam.engx.cleancode:DRY:1.0-SNAPSHOT @ D:\rd_java_training\CleanCodeTasks\DRY\pom.xml.
2020-01-13 09:49:25,339 [Worker-611: Building] INFO  o.e.m.c.i.embedder.EclipseLogger - Using 'UTF-8' encoding to copy filtered resources.
2020-01-13 09:49:25,339 [Worker-611: Building] INFO  o.e.m.c.i.embedder.EclipseLogger - skip non existing resourceDirectory D:\rd_java_training\CleanCodeTasks\DRY\src\main\resources
2020-01-13 09:49:25,340 [Worker-611: Building] INFO  o.e.m.c.i.embedder.EclipseLogger - Using 'UTF-8' encoding to copy filtered resources.
2020-01-13 09:49:25,340 [Worker-611: Building] INFO  o.e.m.c.i.embedder.EclipseLogger - skip non existing resourceDirectory D:\rd_java_training\CleanCodeTasks\DRY\src\test\resources
2020-01-13 09:49:25,630 [Worker-609: Updating Maven Dependencies] INFO  o.e.m.c.i.l.LifecycleMappingFactory - Using org.eclipse.m2e.jdt.JarLifecycleMapping lifecycle mapping for MavenProject: com.epam.engx.cleancode:DRY:1.0-SNAPSHOT @ D:\rd_java_training\CleanCodeTasks\DRY\pom.xml.
2020-01-13 09:49:26,620 [Worker-609: Building] INFO  o.e.m.c.i.embedder.EclipseLogger - Using 'UTF-8' encoding to copy filtered resources.
2020-01-13 09:49:26,620 [Worker-609: Building] INFO  o.e.m.c.i.embedder.EclipseLogger - skip non existing resourceDirectory D:\rd_java_training\CleanCodeTasks\DRY\src\main\resources
2020-01-13 09:49:26,621 [Worker-609: Building] INFO  o.e.m.c.i.embedder.EclipseLogger - Using 'UTF-8' encoding to copy filtered resources.
2020-01-13 09:49:26,621 [Worker-609: Building] INFO  o.e.m.c.i.embedder.EclipseLogger - skip non existing resourceDirectory D:\rd_java_training\CleanCodeTasks\DRY\src\test\resources
2020-01-13 09:49:35,544 [Worker-609: Building] INFO  o.e.m.c.i.l.LifecycleMappingFactory - Using org.eclipse.m2e.jdt.JarLifecycleMapping lifecycle mapping for MavenProject: com.epam.engx.cleancode:Naming:1.0-SNAPSHOT @ D:\rd_java_training\CleanCodeTasks\Naming\pom.xml.
2020-01-13 09:49:35,723 [Worker-609: Building] INFO  o.e.m.c.i.embedder.EclipseLogger - Using 'UTF-8' encoding to copy filtered resources.
2020-01-13 09:49:35,723 [Worker-609: Building] INFO  o.e.m.c.i.embedder.EclipseLogger - Copying 2 resources
2020-01-13 09:49:35,748 [Worker-609: Building] INFO  o.e.m.c.i.embedder.EclipseLogger - Using 'UTF-8' encoding to copy filtered resources.
2020-01-13 09:49:35,749 [Worker-609: Building] INFO  o.e.m.c.i.embedder.EclipseLogger - Copying 3 resources
2020-01-13 09:49:36,770 [Worker-611: Updating Maven Dependencies] INFO  o.e.m.c.i.l.LifecycleMappingFactory - Using org.eclipse.m2e.jdt.JarLifecycleMapping lifecycle mapping for MavenProject: com.epam.engx.cleancode:Naming:1.0-SNAPSHOT @ D:\rd_java_training\CleanCodeTasks\Naming\pom.xml.
2020-01-13 09:49:37,129 [Worker-612: Building] INFO  o.e.m.c.i.embedder.EclipseLogger - Using 'UTF-8' encoding to copy filtered resources.
2020-01-13 09:49:37,130 [Worker-612: Building] INFO  o.e.m.c.i.embedder.EclipseLogger - Copying 2 resources
2020-01-13 09:49:37,136 [Worker-612: Building] INFO  o.e.m.c.i.embedder.EclipseLogger - Using 'UTF-8' encoding to copy filtered resources.
2020-01-13 09:49:37,136 [Worker-612: Building] INFO  o.e.m.c.i.embedder.EclipseLogger - Copying 3 resources
2020-01-13 09:50:27,186 [Worker-612: Building] INFO  o.e.m.c.i.embedder.EclipseLogger - Using 'UTF-8' encoding to copy filtered resources.
2020-01-13 09:50:27,187 [Worker-612: Building] INFO  o.e.m.c.i.embedder.EclipseLogger - Copying 0 resource
2020-01-13 09:50:27,188 [Worker-612: Building] INFO  o.e.m.c.i.embedder.EclipseLogger - Using 'UTF-8' encoding to copy filtered resources.
2020-01-13 09:50:27,189 [Worker-612: Building] INFO  o.e.m.c.i.embedder.EclipseLogger - Copying 0 resource
2020-01-13 09:51:25,956 [Worker-609: Building] INFO  o.e.m.c.i.embedder.EclipseLogger - Using 'UTF-8' encoding to copy filtered resources.
2020-01-13 09:51:25,957 [Worker-609: Building] INFO  o.e.m.c.i.embedder.EclipseLogger - skip non existing resourceDirectory D:\rd_java_training\CleanCodeTasks\DRY\src\main\resources
2020-01-13 09:51:25,959 [Worker-609: Building] INFO  o.e.m.c.i.embedder.EclipseLogger - Using 'UTF-8' encoding to copy filtered resources.
2020-01-13 09:51:25,960 [Worker-609: Building] INFO  o.e.m.c.i.embedder.EclipseLogger - skip non existing resourceDirectory D:\rd_java_training\CleanCodeTasks\DRY\src\test\resources
2020-01-13 09:52:39,061 [Worker-611: Building] INFO  o.e.m.c.i.embedder.EclipseLogger - Using 'UTF-8' encoding to copy filtered resources.
2020-01-13 09:52:39,062 [Worker-611: Building] INFO  o.e.m.c.i.embedder.EclipseLogger - skip non existing resourceDirectory D:\rd_java_training\CleanCodeTasks\Comments\src\main\resources
2020-01-13 09:52:39,063 [Worker-611: Building] INFO  o.e.m.c.i.embedder.EclipseLogger - Using 'UTF-8' encoding to copy filtered resources.
2020-01-13 09:52:39,063 [Worker-611: Building] INFO  o.e.m.c.i.embedder.EclipseLogger - skip non existing resourceDirectory D:\rd_java_training\CleanCodeTasks\Comments\src\test\resources
2020-01-13 09:52:51,477 [Worker-616: Building] INFO  o.e.m.c.i.embedder.EclipseLogger - Using 'UTF-8' encoding to copy filtered resources.
2020-01-13 09:52:51,477 [Worker-616: Building] INFO  o.e.m.c.i.embedder.EclipseLogger - skip non existing resourceDirectory D:\rd_java_training\CleanCodeTasks\Comments\src\main\resources
2020-01-13 09:52:51,480 [Worker-616: Building] INFO  o.e.m.c.i.embedder.EclipseLogger - Using 'UTF-8' encoding to copy filtered resources.
2020-01-13 09:52:51,480 [Worker-616: Building] INFO  o.e.m.c.i.embedder.EclipseLogger - skip non existing resourceDirectory D:\rd_java_training\CleanCodeTasks\Comments\src\test\resources
2020-01-13 13:49:49,993 [Worker-1: Loading available Gradle versions] INFO  o.e.b.c.i.u.g.PublishedGradleVersions - Gradle version information cache is up-to-date. Trying to read.
2020-01-13 14:15:13,642 [Worker-5: Loading available Gradle versions] INFO  o.e.b.c.i.u.g.PublishedGradleVersions - Gradle version information cache is up-to-date. Trying to read.
2020-01-13 14:15:15,792 [Worker-10: Building] INFO  o.e.m.c.i.embedder.EclipseLogger - Using 'UTF-8' encoding to copy filtered resources.
2020-01-13 14:15:15,792 [Worker-10: Building] INFO  o.e.m.c.i.embedder.EclipseLogger - skip non existing resourceDirectory D:\rd_java_training\CleanCodeTasks\Comments\src\main\resources
2020-01-13 14:15:15,794 [Worker-10: Building] INFO  o.e.m.c.i.embedder.EclipseLogger - Using 'UTF-8' encoding to copy filtered resources.
2020-01-13 14:15:15,794 [Worker-10: Building] INFO  o.e.m.c.i.embedder.EclipseLogger - skip non existing resourceDirectory D:\rd_java_training\CleanCodeTasks\Comments\src\test\resources
2020-01-13 14:15:16,297 [Worker-10: Building] INFO  o.e.m.c.i.embedder.EclipseLogger - Using 'UTF-8' encoding to copy filtered resources.
2020-01-13 14:15:16,297 [Worker-10: Building] INFO  o.e.m.c.i.embedder.EclipseLogger - skip non existing resourceDirectory D:\rd_java_training\CleanCodeTasks\Complex-task\src\main\resources
2020-01-13 14:15:16,298 [Worker-10: Building] INFO  o.e.m.c.i.embedder.EclipseLogger - Using 'UTF-8' encoding to copy filtered resources.
2020-01-13 14:15:16,298 [Worker-10: Building] INFO  o.e.m.c.i.embedder.EclipseLogger - skip non existing resourceDirectory D:\rd_java_training\CleanCodeTasks\Complex-task\src\test\resources
2020-01-13 14:15:16,426 [Worker-10: Building] INFO  o.e.m.c.i.embedder.EclipseLogger - Using 'UTF-8' encoding to copy filtered resources.
2020-01-13 14:15:16,426 [Worker-10: Building] INFO  o.e.m.c.i.embedder.EclipseLogger - skip non existing resourceDirectory D:\rd_java_training\CleanCodeTasks\DRY\src\main\resources
2020-01-13 14:15:16,427 [Worker-10: Building] INFO  o.e.m.c.i.embedder.EclipseLogger - Using 'UTF-8' encoding to copy filtered resources.
2020-01-13 14:15:16,427 [Worker-10: Building] INFO  o.e.m.c.i.embedder.EclipseLogger - skip non existing resourceDirectory D:\rd_java_training\CleanCodeTasks\DRY\src\test\resources
2020-01-13 14:15:17,809 [Worker-6: Building] INFO  o.e.m.c.i.l.LifecycleMappingFactory - Using org.eclipse.m2e.jdt.JarLifecycleMapping lifecycle mapping for MavenProject: com.epam.engx.cleancode:Complex-task:1.0-SNAPSHOT @ D:\rd_java_training\CleanCodeTasks\Complex-task\pom.xml.
2020-01-13 14:15:18,065 [Worker-6: Building] INFO  o.e.m.c.i.embedder.EclipseLogger - Using 'UTF-8' encoding to copy filtered resources.
2020-01-13 14:15:18,066 [Worker-6: Building] INFO  o.e.m.c.i.embedder.EclipseLogger - skip non existing resourceDirectory D:\rd_java_training\CleanCodeTasks\Complex-task\src\main\resources
2020-01-13 14:15:18,067 [Worker-6: Building] INFO  o.e.m.c.i.embedder.EclipseLogger - Using 'UTF-8' encoding to copy filtered resources.
2020-01-13 14:15:18,067 [Worker-6: Building] INFO  o.e.m.c.i.embedder.EclipseLogger - skip non existing resourceDirectory D:\rd_java_training\CleanCodeTasks\Complex-task\src\test\resources
2020-01-13 14:15:18,115 [Worker-6: Building] INFO  o.e.m.c.i.embedder.EclipseLogger - Using 'UTF-8' encoding to copy filtered resources.
2020-01-13 14:15:18,116 [Worker-6: Building] INFO  o.e.m.c.i.embedder.EclipseLogger - skip non existing resourceDirectory D:\rd_java_training\CleanCodeTasks\DRY\src\main\resources
2020-01-13 14:15:18,116 [Worker-6: Building] INFO  o.e.m.c.i.embedder.EclipseLogger - Using 'UTF-8' encoding to copy filtered resources.
2020-01-13 14:15:18,117 [Worker-6: Building] INFO  o.e.m.c.i.embedder.EclipseLogger - skip non existing resourceDirectory D:\rd_java_training\CleanCodeTasks\DRY\src\test\resources
2020-01-13 14:15:18,200 [Worker-6: Building] INFO  o.e.m.c.i.embedder.EclipseLogger - Using 'UTF-8' encoding to copy filtered resources.
2020-01-13 14:15:18,200 [Worker-6: Building] INFO  o.e.m.c.i.embedder.EclipseLogger - skip non existing resourceDirectory D:\rd_java_training\CleanCodeTasks\Error-Handling\src\main\resources
2020-01-13 14:15:18,201 [Worker-6: Building] INFO  o.e.m.c.i.embedder.EclipseLogger - Using 'UTF-8' encoding to copy filtered resources.
2020-01-13 14:15:18,201 [Worker-6: Building] INFO  o.e.m.c.i.embedder.EclipseLogger - skip non existing resourceDirectory D:\rd_java_training\CleanCodeTasks\Error-Handling\src\test\resources
2020-01-13 14:15:18,759 [Worker-9: Building] INFO  o.e.m.c.i.l.LifecycleMappingFactory - Using org.eclipse.m2e.jdt.JarLifecycleMapping lifecycle mapping for MavenProject: com.epam.engx.cleancode:Error-Handling:1.0-SNAPSHOT @ D:\rd_java_training\CleanCodeTasks\Error-Handling\pom.xml.
2020-01-13 14:15:18,942 [Worker-9: Building] INFO  o.e.m.c.i.embedder.EclipseLogger - Using 'UTF-8' encoding to copy filtered resources.
2020-01-13 14:15:18,942 [Worker-9: Building] INFO  o.e.m.c.i.embedder.EclipseLogger - skip non existing resourceDirectory D:\rd_java_training\CleanCodeTasks\Error-Handling\src\main\resources
2020-01-13 14:15:18,943 [Worker-9: Building] INFO  o.e.m.c.i.embedder.EclipseLogger - Using 'UTF-8' encoding to copy filtered resources.
2020-01-13 14:15:18,943 [Worker-9: Building] INFO  o.e.m.c.i.embedder.EclipseLogger - skip non existing resourceDirectory D:\rd_java_training\CleanCodeTasks\Error-Handling\src\test\resources
2020-01-13 14:15:19,131 [Worker-9: Building] INFO  o.e.m.c.i.embedder.EclipseLogger - Using 'UTF-8' encoding to copy filtered resources.
2020-01-13 14:15:19,136 [Worker-9: Building] INFO  o.e.m.c.i.embedder.EclipseLogger - Copying 1 resource
2020-01-13 14:15:19,155 [Worker-9: Building] INFO  o.e.m.c.i.embedder.EclipseLogger - Using 'UTF-8' encoding to copy filtered resources.
2020-01-13 14:15:19,156 [Worker-9: Building] INFO  o.e.m.c.i.embedder.EclipseLogger - skip non existing resourceDirectory D:\rd_java_training\CleanCodeTasks\Functions\src\test\resources
2020-01-13 14:15:19,649 [Worker-9: Building] INFO  o.e.m.c.i.l.LifecycleMappingFactory - Using org.eclipse.m2e.jdt.JarLifecycleMapping lifecycle mapping for MavenProject: com.epam.engx.cleancode:Functions:1.0-SNAPSHOT @ D:\rd_java_training\CleanCodeTasks\Functions\pom.xml.
2020-01-13 14:15:19,858 [Worker-9: Building] INFO  o.e.m.c.i.embedder.EclipseLogger - Using 'UTF-8' encoding to copy filtered resources.
2020-01-13 14:15:19,859 [Worker-9: Building] INFO  o.e.m.c.i.embedder.EclipseLogger - Copying 0 resource
2020-01-13 14:15:19,860 [Worker-9: Building] INFO  o.e.m.c.i.embedder.EclipseLogger - Using 'UTF-8' encoding to copy filtered resources.
2020-01-13 14:15:19,860 [Worker-9: Building] INFO  o.e.m.c.i.embedder.EclipseLogger - skip non existing resourceDirectory D:\rd_java_training\CleanCodeTasks\Functions\src\test\resources
2020-01-13 14:15:19,897 [Worker-9: Building] INFO  o.e.m.c.i.embedder.EclipseLogger - Using 'UTF-8' encoding to copy filtered resources.
2020-01-13 14:15:19,897 [Worker-9: Building] INFO  o.e.m.c.i.embedder.EclipseLogger - Copying 2 resources
2020-01-13 14:15:19,904 [Worker-9: Building] INFO  o.e.m.c.i.embedder.EclipseLogger - Using 'UTF-8' encoding to copy filtered resources.
2020-01-13 14:15:19,904 [Worker-9: Building] INFO  o.e.m.c.i.embedder.EclipseLogger - Copying 3 resources
2020-01-13 14:15:24,590 [Worker-0: Building] INFO  o.e.m.c.i.embedder.EclipseLogger - Using 'UTF-8' encoding to copy filtered resources.
2020-01-13 14:15:24,591 [Worker-0: Building] INFO  o.e.m.c.i.embedder.EclipseLogger - skip non existing resourceDirectory D:\rd_java_training\CleanCodeTasks\Error-Handling\src\main\resources
2020-01-13 14:15:24,594 [Worker-0: Building] INFO  o.e.m.c.i.embedder.EclipseLogger - Using 'UTF-8' encoding to copy filtered resources.
2020-01-13 14:15:24,595 [Worker-0: Building] INFO  o.e.m.c.i.embedder.EclipseLogger - skip non existing resourceDirectory D:\rd_java_training\CleanCodeTasks\Error-Handling\src\test\resources
2020-01-13 14:15:26,669 [Worker-10: Building] INFO  o.e.m.c.i.embedder.EclipseLogger - Using 'UTF-8' encoding to copy filtered resources.
2020-01-13 14:15:26,670 [Worker-10: Building] INFO  o.e.m.c.i.embedder.EclipseLogger - Copying 0 resource
2020-01-13 14:15:26,670 [Worker-10: Building] INFO  o.e.m.c.i.embedder.EclipseLogger - Using 'UTF-8' encoding to copy filtered resources.
2020-01-13 14:15:26,670 [Worker-10: Building] INFO  o.e.m.c.i.embedder.EclipseLogger - skip non existing resourceDirectory D:\rd_java_training\CleanCodeTasks\Functions\src\test\resources
2020-01-13 14:15:30,940 [Worker-12: Building] INFO  o.e.m.c.i.embedder.EclipseLogger - Using 'UTF-8' encoding to copy filtered resources.
2020-01-13 14:15:30,940 [Worker-12: Building] INFO  o.e.m.c.i.embedder.EclipseLogger - skip non existing resourceDirectory D:\rd_java_training\CleanCodeTasks\Complex-task\src\main\resources
2020-01-13 14:15:30,941 [Worker-12: Building] INFO  o.e.m.c.i.embedder.EclipseLogger - Using 'UTF-8' encoding to copy filtered resources.
2020-01-13 14:15:30,941 [Worker-12: Building] INFO  o.e.m.c.i.embedder.EclipseLogger - skip non existing resourceDirectory D:\rd_java_training\CleanCodeTasks\Complex-task\src\test\resources
2020-01-13 18:17:06,821 [Worker-2: Loading available Gradle versions] INFO  o.e.b.c.i.u.g.PublishedGradleVersions - Gradle version information cache is up-to-date. Trying to read.
2020-01-13 18:27:42,260 [Worker-1: Loading available Gradle versions] INFO  o.e.b.c.i.u.g.PublishedGradleVersions - Gradle version information cache is up-to-date. Trying to read.
2020-01-13 18:27:44,477 [Worker-9: Building] INFO  o.e.m.c.i.embedder.EclipseLogger - Using 'UTF-8' encoding to copy filtered resources.
2020-01-13 18:27:44,477 [Worker-9: Building] INFO  o.e.m.c.i.embedder.EclipseLogger - skip non existing resourceDirectory D:\rd_java_training\CleanCodeTasks\Comments\src\main\resources
2020-01-13 18:27:44,479 [Worker-9: Building] INFO  o.e.m.c.i.embedder.EclipseLogger - Using 'UTF-8' encoding to copy filtered resources.
2020-01-13 18:27:44,480 [Worker-9: Building] INFO  o.e.m.c.i.embedder.EclipseLogger - skip non existing resourceDirectory D:\rd_java_training\CleanCodeTasks\Comments\src\test\resources
2020-01-13 18:27:45,026 [Worker-9: Building] INFO  o.e.m.c.i.embedder.EclipseLogger - Using 'UTF-8' encoding to copy filtered resources.
2020-01-13 18:27:45,026 [Worker-9: Building] INFO  o.e.m.c.i.embedder.EclipseLogger - skip non existing resourceDirectory D:\rd_java_training\CleanCodeTasks\Complex-task\src\main\resources
2020-01-13 18:27:45,027 [Worker-9: Building] INFO  o.e.m.c.i.embedder.EclipseLogger - Using 'UTF-8' encoding to copy filtered resources.
2020-01-13 18:27:45,027 [Worker-9: Building] INFO  o.e.m.c.i.embedder.EclipseLogger - skip non existing resourceDirectory D:\rd_java_training\CleanCodeTasks\Complex-task\src\test\resources
2020-01-13 18:27:45,152 [Worker-9: Building] INFO  o.e.m.c.i.embedder.EclipseLogger - Using 'UTF-8' encoding to copy filtered resources.
2020-01-13 18:27:45,152 [Worker-9: Building] INFO  o.e.m.c.i.embedder.EclipseLogger - skip non existing resourceDirectory D:\rd_java_training\CleanCodeTasks\DRY\src\main\resources
2020-01-13 18:27:45,154 [Worker-9: Building] INFO  o.e.m.c.i.embedder.EclipseLogger - Using 'UTF-8' encoding to copy filtered resources.
2020-01-13 18:27:45,154 [Worker-9: Building] INFO  o.e.m.c.i.embedder.EclipseLogger - skip non existing resourceDirectory D:\rd_java_training\CleanCodeTasks\DRY\src\test\resources
2020-01-13 18:27:45,304 [Worker-9: Building] INFO  o.e.m.c.i.embedder.EclipseLogger - Using 'UTF-8' encoding to copy filtered resources.
2020-01-13 18:27:45,305 [Worker-9: Building] INFO  o.e.m.c.i.embedder.EclipseLogger - skip non existing resourceDirectory D:\rd_java_training\CleanCodeTasks\Error-Handling\src\main\resources
2020-01-13 18:27:45,306 [Worker-9: Building] INFO  o.e.m.c.i.embedder.EclipseLogger - Using 'UTF-8' encoding to copy filtered resources.
2020-01-13 18:27:45,306 [Worker-9: Building] INFO  o.e.m.c.i.embedder.EclipseLogger - skip non existing resourceDirectory D:\rd_java_training\CleanCodeTasks\Error-Handling\src\test\resources
2020-01-13 18:27:46,018 [Worker-2: Building] INFO  o.e.m.c.i.embedder.EclipseLogger - Using 'UTF-8' encoding to copy filtered resources.
2020-01-13 18:27:46,022 [Worker-2: Building] INFO  o.e.m.c.i.embedder.EclipseLogger - Copying 1 resource
2020-01-13 18:27:46,044 [Worker-2: Building] INFO  o.e.m.c.i.embedder.EclipseLogger - Using 'UTF-8' encoding to copy filtered resources.
2020-01-13 18:27:46,044 [Worker-2: Building] INFO  o.e.m.c.i.embedder.EclipseLogger - skip non existing resourceDirectory D:\rd_java_training\CleanCodeTasks\Functions\src\test\resources
2020-01-13 18:27:47,471 [Worker-10: Building] INFO  o.e.m.c.i.l.LifecycleMappingFactory - Using org.eclipse.m2e.jdt.JarLifecycleMapping lifecycle mapping for MavenProject: com.epam.engx.cleancode:Functions:1.0-SNAPSHOT @ D:\rd_java_training\CleanCodeTasks\Functions\pom.xml.
2020-01-13 18:27:47,564 [Worker-10: Building] INFO  o.e.m.c.i.embedder.EclipseLogger - Using 'UTF-8' encoding to copy filtered resources.
2020-01-13 18:27:47,566 [Worker-10: Building] INFO  o.e.m.c.i.embedder.EclipseLogger - Copying 0 resource
2020-01-13 18:27:47,567 [Worker-10: Building] INFO  o.e.m.c.i.embedder.EclipseLogger - Using 'UTF-8' encoding to copy filtered resources.
2020-01-13 18:27:47,567 [Worker-10: Building] INFO  o.e.m.c.i.embedder.EclipseLogger - skip non existing resourceDirectory D:\rd_java_training\CleanCodeTasks\Functions\src\test\resources
2020-01-13 18:27:47,617 [Worker-10: Building] INFO  o.e.m.c.i.embedder.EclipseLogger - Using 'UTF-8' encoding to copy filtered resources.
2020-01-13 18:27:47,617 [Worker-10: Building] INFO  o.e.m.c.i.embedder.EclipseLogger - Copying 2 resources
2020-01-13 18:27:47,625 [Worker-10: Building] INFO  o.e.m.c.i.embedder.EclipseLogger - Using 'UTF-8' encoding to copy filtered resources.
2020-01-13 18:27:47,626 [Worker-10: Building] INFO  o.e.m.c.i.embedder.EclipseLogger - Copying 3 resources
2020-01-13 18:29:39,173 [Worker-10: Building] INFO  o.e.m.c.i.l.LifecycleMappingFactory - Using org.eclipse.m2e.jdt.JarLifecycleMapping lifecycle mapping for MavenProject: com.epam.engx.cleancode:Error-Handling:1.0-SNAPSHOT @ D:\rd_java_training\CleanCodeTasks\Error-Handling\pom.xml.
2020-01-13 18:29:39,236 [Worker-10: Building] INFO  o.e.m.c.i.embedder.EclipseLogger - Using 'UTF-8' encoding to copy filtered resources.
2020-01-13 18:29:39,236 [Worker-10: Building] INFO  o.e.m.c.i.embedder.EclipseLogger - skip non existing resourceDirectory D:\rd_java_training\CleanCodeTasks\Error-Handling\src\main\resources
2020-01-13 18:29:39,238 [Worker-10: Building] INFO  o.e.m.c.i.embedder.EclipseLogger - Using 'UTF-8' encoding to copy filtered resources.
2020-01-13 18:29:39,238 [Worker-10: Building] INFO  o.e.m.c.i.embedder.EclipseLogger - skip non existing resourceDirectory D:\rd_java_training\CleanCodeTasks\Error-Handling\src\test\resources
2020-01-13 18:29:40,542 [Worker-5: Building] INFO  o.e.m.c.i.embedder.EclipseLogger - Using 'UTF-8' encoding to copy filtered resources.
2020-01-13 18:29:40,542 [Worker-5: Building] INFO  o.e.m.c.i.embedder.EclipseLogger - skip non existing resourceDirectory D:\rd_java_training\CleanCodeTasks\Error-Handling\src\main\resources
2020-01-13 18:29:40,543 [Worker-5: Building] INFO  o.e.m.c.i.embedder.EclipseLogger - Using 'UTF-8' encoding to copy filtered resources.
2020-01-13 18:29:40,543 [Worker-5: Building] INFO  o.e.m.c.i.embedder.EclipseLogger - skip non existing resourceDirectory D:\rd_java_training\CleanCodeTasks\Error-Handling\src\test\resources
2020-01-13 18:30:12,719 [Worker-0: Building] INFO  o.e.m.c.i.embedder.EclipseLogger - Using 'UTF-8' encoding to copy filtered resources.
2020-01-13 18:30:12,720 [Worker-0: Building] INFO  o.e.m.c.i.embedder.EclipseLogger - skip non existing resourceDirectory D:\rd_java_training\CleanCodeTasks\Error-Handling\src\main\resources
2020-01-13 18:30:12,720 [Worker-0: Building] INFO  o.e.m.c.i.embedder.EclipseLogger - Using 'UTF-8' encoding to copy filtered resources.
2020-01-13 18:30:12,721 [Worker-0: Building] INFO  o.e.m.c.i.embedder.EclipseLogger - skip non existing resourceDirectory D:\rd_java_training\CleanCodeTasks\Error-Handling\src\test\resources
2020-01-13 18:30:18,792 [Worker-12: Building] INFO  o.e.m.c.i.embedder.EclipseLogger - Using 'UTF-8' encoding to copy filtered resources.
2020-01-13 18:30:18,792 [Worker-12: Building] INFO  o.e.m.c.i.embedder.EclipseLogger - skip non existing resourceDirectory D:\rd_java_training\CleanCodeTasks\Error-Handling\src\main\resources
2020-01-13 18:30:18,793 [Worker-12: Building] INFO  o.e.m.c.i.embedder.EclipseLogger - Using 'UTF-8' encoding to copy filtered resources.
2020-01-13 18:30:18,793 [Worker-12: Building] INFO  o.e.m.c.i.embedder.EclipseLogger - skip non existing resourceDirectory D:\rd_java_training\CleanCodeTasks\Error-Handling\src\test\resources
2020-01-13 18:31:38,503 [Worker-13: Building] INFO  o.e.m.c.i.l.LifecycleMappingFactory - Using org.eclipse.m2e.jdt.JarLifecycleMapping lifecycle mapping for MavenProject: com.epam.engx.cleancode:Error-Handling:1.0-SNAPSHOT @ D:\rd_java_training\CleanCodeTasks\Error-Handling\pom.xml.
2020-01-13 18:31:38,691 [Worker-13: Building] INFO  o.e.m.c.i.embedder.EclipseLogger - Using 'UTF-8' encoding to copy filtered resources.
2020-01-13 18:31:38,691 [Worker-13: Building] INFO  o.e.m.c.i.embedder.EclipseLogger - skip non existing resourceDirectory D:\rd_java_training\CleanCodeTasks\Error-Handling\src\main\resources
2020-01-13 18:31:38,692 [Worker-13: Building] INFO  o.e.m.c.i.embedder.EclipseLogger - Using 'UTF-8' encoding to copy filtered resources.
2020-01-13 18:31:38,692 [Worker-13: Building] INFO  o.e.m.c.i.embedder.EclipseLogger - skip non existing resourceDirectory D:\rd_java_training\CleanCodeTasks\Error-Handling\src\test\resources
2020-01-13 18:31:38,908 [Worker-13: Updating Maven Dependencies] INFO  o.e.m.c.i.l.LifecycleMappingFactory - Using org.eclipse.m2e.jdt.JarLifecycleMapping lifecycle mapping for MavenProject: com.epam.engx.cleancode:Error-Handling:1.0-SNAPSHOT @ D:\rd_java_training\CleanCodeTasks\Error-Handling\pom.xml.
2020-01-13 18:31:39,807 [Worker-17: Building] INFO  o.e.m.c.i.embedder.EclipseLogger - Using 'UTF-8' encoding to copy filtered resources.
2020-01-13 18:31:39,807 [Worker-17: Building] INFO  o.e.m.c.i.embedder.EclipseLogger - skip non existing resourceDirectory D:\rd_java_training\CleanCodeTasks\Error-Handling\src\main\resources
2020-01-13 18:31:39,809 [Worker-17: Building] INFO  o.e.m.c.i.embedder.EclipseLogger - Using 'UTF-8' encoding to copy filtered resources.
2020-01-13 18:31:39,809 [Worker-17: Building] INFO  o.e.m.c.i.embedder.EclipseLogger - skip non existing resourceDirectory D:\rd_java_training\CleanCodeTasks\Error-Handling\src\test\resources
2020-01-14 10:13:02,369 [Worker-148: Building] INFO  o.e.m.c.i.embedder.EclipseLogger - Using 'UTF-8' encoding to copy filtered resources.
2020-01-14 10:13:02,369 [Worker-148: Building] INFO  o.e.m.c.i.embedder.EclipseLogger - skip non existing resourceDirectory D:\rd_java_training\CleanCodeTasks\Complex-task\src\main\resources
2020-01-14 10:13:02,370 [Worker-148: Building] INFO  o.e.m.c.i.embedder.EclipseLogger - Using 'UTF-8' encoding to copy filtered resources.
2020-01-14 10:13:02,370 [Worker-148: Building] INFO  o.e.m.c.i.embedder.EclipseLogger - skip non existing resourceDirectory D:\rd_java_training\CleanCodeTasks\Complex-task\src\test\resources
2020-01-14 10:13:02,402 [Worker-148: Building] INFO  o.e.m.c.i.embedder.EclipseLogger - Using 'UTF-8' encoding to copy filtered resources.
2020-01-14 10:13:02,415 [Worker-148: Building] INFO  o.e.m.c.i.embedder.EclipseLogger - Copying 1 resource
2020-01-14 10:13:02,418 [Worker-148: Building] INFO  o.e.m.c.i.embedder.EclipseLogger - Using 'UTF-8' encoding to copy filtered resources.
2020-01-14 10:13:02,418 [Worker-148: Building] INFO  o.e.m.c.i.embedder.EclipseLogger - skip non existing resourceDirectory D:\rd_java_training\CleanCodeTasks\Functions\src\test\resources
2020-01-14 10:13:02,560 [Worker-150: Building] INFO  o.e.m.c.i.embedder.EclipseLogger - Using 'UTF-8' encoding to copy filtered resources.
2020-01-14 10:13:02,560 [Worker-150: Building] INFO  o.e.m.c.i.embedder.EclipseLogger - skip non existing resourceDirectory D:\rd_java_training\CleanCodeTasks\Complex-task\src\main\resources
2020-01-14 10:13:02,561 [Worker-150: Building] INFO  o.e.m.c.i.embedder.EclipseLogger - Using 'UTF-8' encoding to copy filtered resources.
2020-01-14 10:13:02,562 [Worker-150: Building] INFO  o.e.m.c.i.embedder.EclipseLogger - skip non existing resourceDirectory D:\rd_java_training\CleanCodeTasks\Complex-task\src\test\resources
2020-01-14 10:13:02,589 [Worker-150: Building] INFO  o.e.m.c.i.embedder.EclipseLogger - Using 'UTF-8' encoding to copy filtered resources.
2020-01-14 10:13:02,590 [Worker-150: Building] INFO  o.e.m.c.i.embedder.EclipseLogger - Copying 1 resource
2020-01-14 10:13:02,591 [Worker-150: Building] INFO  o.e.m.c.i.embedder.EclipseLogger - Using 'UTF-8' encoding to copy filtered resources.
2020-01-14 10:13:02,591 [Worker-150: Building] INFO  o.e.m.c.i.embedder.EclipseLogger - skip non existing resourceDirectory D:\rd_java_training\CleanCodeTasks\Functions\src\test\resources
2020-01-14 10:14:01,189 [Worker-151: Building] INFO  o.e.m.c.i.embedder.EclipseLogger - Using 'UTF-8' encoding to copy filtered resources.
2020-01-14 10:14:01,190 [Worker-151: Building] INFO  o.e.m.c.i.embedder.EclipseLogger - Copying 1 resource
2020-01-14 10:14:01,191 [Worker-151: Building] INFO  o.e.m.c.i.embedder.EclipseLogger - Using 'UTF-8' encoding to copy filtered resources.
2020-01-14 10:14:01,191 [Worker-151: Building] INFO  o.e.m.c.i.embedder.EclipseLogger - skip non existing resourceDirectory D:\rd_java_training\CleanCodeTasks\Functions\src\test\resources
2020-01-14 10:14:45,978 [Worker-151: Building] INFO  o.e.m.c.i.embedder.EclipseLogger - Using 'UTF-8' encoding to copy filtered resources.
2020-01-14 10:14:45,978 [Worker-151: Building] INFO  o.e.m.c.i.embedder.EclipseLogger - skip non existing resourceDirectory D:\rd_java_training\CleanCodeTasks\Complex-task\src\main\resources
2020-01-14 10:14:45,979 [Worker-151: Building] INFO  o.e.m.c.i.embedder.EclipseLogger - Using 'UTF-8' encoding to copy filtered resources.
2020-01-14 10:14:45,979 [Worker-151: Building] INFO  o.e.m.c.i.embedder.EclipseLogger - skip non existing resourceDirectory D:\rd_java_training\CleanCodeTasks\Complex-task\src\test\resources
2020-01-14 10:14:50,561 [Worker-148: Building] INFO  o.e.m.c.i.embedder.EclipseLogger - Using 'UTF-8' encoding to copy filtered resources.
2020-01-14 10:14:50,562 [Worker-148: Building] INFO  o.e.m.c.i.embedder.EclipseLogger - skip non existing resourceDirectory D:\rd_java_training\CleanCodeTasks\Error-Handling\src\main\resources
2020-01-14 10:14:50,563 [Worker-148: Building] INFO  o.e.m.c.i.embedder.EclipseLogger - Using 'UTF-8' encoding to copy filtered resources.
2020-01-14 10:14:50,564 [Worker-148: Building] INFO  o.e.m.c.i.embedder.EclipseLogger - skip non existing resourceDirectory D:\rd_java_training\CleanCodeTasks\Error-Handling\src\test\resources
2020-01-14 10:15:00,417 [Worker-149: Building] INFO  o.e.m.c.i.embedder.EclipseLogger - Using 'UTF-8' encoding to copy filtered resources.
2020-01-14 10:15:00,417 [Worker-149: Building] INFO  o.e.m.c.i.embedder.EclipseLogger - skip non existing resourceDirectory D:\rd_java_training\CleanCodeTasks\Complex-task\src\main\resources
2020-01-14 10:15:00,417 [Worker-149: Building] INFO  o.e.m.c.i.embedder.EclipseLogger - Using 'UTF-8' encoding to copy filtered resources.
2020-01-14 10:15:00,417 [Worker-149: Building] INFO  o.e.m.c.i.embedder.EclipseLogger - skip non existing resourceDirectory D:\rd_java_training\CleanCodeTasks\Complex-task\src\test\resources
2020-01-14 10:15:06,865 [Worker-148: Building] INFO  o.e.m.c.i.embedder.EclipseLogger - Using 'UTF-8' encoding to copy filtered resources.
2020-01-14 10:15:06,865 [Worker-148: Building] INFO  o.e.m.c.i.embedder.EclipseLogger - skip non existing resourceDirectory D:\rd_java_training\CleanCodeTasks\Complex-task\src\main\resources
2020-01-14 10:15:06,866 [Worker-148: Building] INFO  o.e.m.c.i.embedder.EclipseLogger - Using 'UTF-8' encoding to copy filtered resources.
2020-01-14 10:15:06,866 [Worker-148: Building] INFO  o.e.m.c.i.embedder.EclipseLogger - skip non existing resourceDirectory D:\rd_java_training\CleanCodeTasks\Complex-task\src\test\resources
2020-01-14 10:16:05,467 [Worker-150: Building] INFO  o.e.m.c.i.embedder.EclipseLogger - Using 'UTF-8' encoding to copy filtered resources.
2020-01-14 10:16:05,467 [Worker-150: Building] INFO  o.e.m.c.i.embedder.EclipseLogger - skip non existing resourceDirectory D:\rd_java_training\CleanCodeTasks\Error-Handling\src\main\resources
2020-01-14 10:16:05,468 [Worker-150: Building] INFO  o.e.m.c.i.embedder.EclipseLogger - Using 'UTF-8' encoding to copy filtered resources.
2020-01-14 10:16:05,469 [Worker-150: Building] INFO  o.e.m.c.i.embedder.EclipseLogger - skip non existing resourceDirectory D:\rd_java_training\CleanCodeTasks\Error-Handling\src\test\resources
2020-01-14 10:18:35,492 [Worker-148: Building] INFO  o.e.m.c.i.embedder.EclipseLogger - Using 'UTF-8' encoding to copy filtered resources.
2020-01-14 10:18:35,493 [Worker-148: Building] INFO  o.e.m.c.i.embedder.EclipseLogger - skip non existing resourceDirectory D:\rd_java_training\CleanCodeTasks\Error-Handling\src\main\resources
2020-01-14 10:18:35,495 [Worker-148: Building] INFO  o.e.m.c.i.embedder.EclipseLogger - Using 'UTF-8' encoding to copy filtered resources.
2020-01-14 10:18:35,495 [Worker-148: Building] INFO  o.e.m.c.i.embedder.EclipseLogger - skip non existing resourceDirectory D:\rd_java_training\CleanCodeTasks\Error-Handling\src\test\resources
2020-01-14 10:20:00,758 [Worker-152: Building] INFO  o.e.m.c.i.embedder.EclipseLogger - Using 'UTF-8' encoding to copy filtered resources.
2020-01-14 10:20:00,758 [Worker-152: Building] INFO  o.e.m.c.i.embedder.EclipseLogger - skip non existing resourceDirectory D:\rd_java_training\CleanCodeTasks\Complex-task\src\main\resources
2020-01-14 10:20:00,759 [Worker-152: Building] INFO  o.e.m.c.i.embedder.EclipseLogger - Using 'UTF-8' encoding to copy filtered resources.
2020-01-14 10:20:00,759 [Worker-152: Building] INFO  o.e.m.c.i.embedder.EclipseLogger - skip non existing resourceDirectory D:\rd_java_training\CleanCodeTasks\Complex-task\src\test\resources
2020-01-14 10:20:36,505 [Worker-148: Building] INFO  o.e.m.c.i.embedder.EclipseLogger - Using 'UTF-8' encoding to copy filtered resources.
2020-01-14 10:20:36,505 [Worker-148: Building] INFO  o.e.m.c.i.embedder.EclipseLogger - skip non existing resourceDirectory D:\rd_java_training\CleanCodeTasks\Complex-task\src\main\resources
2020-01-14 10:20:36,505 [Worker-148: Building] INFO  o.e.m.c.i.embedder.EclipseLogger - Using 'UTF-8' encoding to copy filtered resources.
2020-01-14 10:20:36,505 [Worker-148: Building] INFO  o.e.m.c.i.embedder.EclipseLogger - skip non existing resourceDirectory D:\rd_java_training\CleanCodeTasks\Complex-task\src\test\resources
2020-01-14 10:21:15,015 [Worker-152: Building] INFO  o.e.m.c.i.embedder.EclipseLogger - Using 'UTF-8' encoding to copy filtered resources.
2020-01-14 10:21:15,016 [Worker-152: Building] INFO  o.e.m.c.i.embedder.EclipseLogger - skip non existing resourceDirectory D:\rd_java_training\CleanCodeTasks\Complex-task\src\main\resources
2020-01-14 10:21:15,016 [Worker-152: Building] INFO  o.e.m.c.i.embedder.EclipseLogger - Using 'UTF-8' encoding to copy filtered resources.
2020-01-14 10:21:15,016 [Worker-152: Building] INFO  o.e.m.c.i.embedder.EclipseLogger - skip non existing resourceDirectory D:\rd_java_training\CleanCodeTasks\Complex-task\src\test\resources
2020-01-14 12:42:34,535 [Worker-5: Loading available Gradle versions] INFO  o.e.b.c.i.u.g.PublishedGradleVersions - Gradle version information cache is up-to-date. Trying to read.
2020-01-14 17:50:52,765 [ModalContext] ERROR o.e.m.c.i.p.r.ProjectRegistryReader - Can't write workspace state
java.io.FileNotFoundException: D:\rd_java_training\CleanCodeTasks\.metadata\.plugins\org.eclipse.m2e.core\workspaceState.ser (The system cannot find the path specified)
	at java.io.FileOutputStream.open0(Native Method) ~[na:1.8.0_231]
	at java.io.FileOutputStream.open(Unknown Source) ~[na:1.8.0_231]
	at java.io.FileOutputStream.<init>(Unknown Source) ~[na:1.8.0_231]
	at java.io.FileOutputStream.<init>(Unknown Source) ~[na:1.8.0_231]
	at org.eclipse.m2e.core.internal.project.registry.ProjectRegistryReader.writeWorkspaceState(ProjectRegistryReader.java:128) ~[org.eclipse.m2e.core_1.14.0.20191209-1925.jar:na]
	at org.eclipse.m2e.core.internal.project.registry.ProjectRegistryManager.writeWorkspaceState(ProjectRegistryManager.java:990) [org.eclipse.m2e.core_1.14.0.20191209-1925.jar:na]
	at org.eclipse.m2e.core.internal.MavenPluginActivator$1.saving(MavenPluginActivator.java:147) [org.eclipse.m2e.core_1.14.0.20191209-1925.jar:na]
	at org.eclipse.core.internal.resources.SaveManager.executeLifecycle(SaveManager.java:387) [org.eclipse.core.resources_3.13.600.v20191122-2104.jar:na]
	at org.eclipse.core.internal.resources.SaveManager$1.run(SaveManager.java:204) [org.eclipse.core.resources_3.13.600.v20191122-2104.jar:na]
	at org.eclipse.core.runtime.SafeRunner.run(SafeRunner.java:45) [org.eclipse.equinox.common_3.10.600.v20191004-1420.jar:na]
	at org.eclipse.core.internal.resources.SaveManager.broadcastLifecycle(SaveManager.java:207) [org.eclipse.core.resources_3.13.600.v20191122-2104.jar:na]
	at org.eclipse.core.internal.resources.SaveManager.save(SaveManager.java:1164) [org.eclipse.core.resources_3.13.600.v20191122-2104.jar:na]
	at org.eclipse.core.internal.resources.Workspace.save(Workspace.java:2333) [org.eclipse.core.resources_3.13.600.v20191122-2104.jar:na]
	at org.eclipse.ui.internal.ide.application.IDEWorkbenchAdvisor.lambda$1(IDEWorkbenchAdvisor.java:509) [org.eclipse.ui.ide.application_1.3.500.v20191122-2109.jar:na]
	at org.eclipse.jface.operation.ModalContext$ModalContextThread.run(ModalContext.java:122) ~[org.eclipse.jface_3.18.0.v20191122-2109.jar:na]
2020-01-16 11:21:04,450 [Worker-2: Loading available Gradle versions] INFO  o.e.b.c.i.u.g.PublishedGradleVersions - Gradle version information cache is out-of-date. Trying to update.
2020-01-16 11:21:23,659 [Worker-20: Update Maven projects configuration] INFO  o.e.m.c.i.p.ProjectConfigurationManager - Update started
2020-01-16 11:21:28,044 [Worker-20: Update Maven projects configuration] INFO  o.e.m.c.i.l.LifecycleMappingFactory - Using org.eclipse.m2e.jdt.JarLifecycleMapping lifecycle mapping for MavenProject: com.epam.engx.cleancode:Functions:1.0-SNAPSHOT @ D:\rd_java_training\CleanCodeTasks\Functions\pom.xml.
2020-01-16 11:21:29,117 [Worker-20: Update Maven projects configuration] INFO  o.e.m.j.i.AbstractJavaProjectConfigurator - Adding source folder /Functions/src/main/java
2020-01-16 11:21:29,118 [Worker-20: Update Maven projects configuration] INFO  o.e.m.j.i.AbstractJavaProjectConfigurator - Adding resource folder /Functions/src/main/resources
2020-01-16 11:21:29,144 [Worker-20: Update Maven projects configuration] INFO  o.e.m.j.i.AbstractJavaProjectConfigurator - Adding source folder /Functions/src/test/java
2020-01-16 11:21:31,535 [Worker-20: Update Maven projects configuration] INFO  o.e.m.c.i.p.ProjectConfigurationManager - Update completed: 7 sec
2020-01-16 11:21:31,659 [Worker-0: Building] INFO  o.e.m.c.i.embedder.EclipseLogger - Using 'UTF-8' encoding to copy filtered resources.
2020-01-16 11:21:31,663 [Worker-0: Building] INFO  o.e.m.c.i.embedder.EclipseLogger - Copying 1 resource
2020-01-16 11:21:31,686 [Worker-0: Building] INFO  o.e.m.c.i.embedder.EclipseLogger - Using 'UTF-8' encoding to copy filtered resources.
2020-01-16 11:21:31,686 [Worker-0: Building] INFO  o.e.m.c.i.embedder.EclipseLogger - skip non existing resourceDirectory D:\rd_java_training\CleanCodeTasks\Functions\src\test\resources
2020-01-16 11:21:37,593 [Worker-10: Building] INFO  o.e.m.c.i.embedder.EclipseLogger - Using 'UTF-8' encoding to copy filtered resources.
2020-01-16 11:21:37,595 [Worker-10: Building] INFO  o.e.m.c.i.embedder.EclipseLogger - Copying 0 resource
2020-01-16 11:21:37,596 [Worker-10: Building] INFO  o.e.m.c.i.embedder.EclipseLogger - Using 'UTF-8' encoding to copy filtered resources.
2020-01-16 11:21:37,596 [Worker-10: Building] INFO  o.e.m.c.i.embedder.EclipseLogger - skip non existing resourceDirectory D:\rd_java_training\CleanCodeTasks\Functions\src\test\resources
2020-01-16 13:23:12,401 [Worker-29: Update Maven projects configuration] INFO  o.e.m.c.i.p.ProjectConfigurationManager - Update started
2020-01-16 13:23:12,525 [Worker-29: Update Maven projects configuration] INFO  o.e.m.c.i.l.LifecycleMappingFactory - Using org.eclipse.m2e.jdt.JarLifecycleMapping lifecycle mapping for MavenProject: com.epam.engx.cleancode:Complex-task:1.0-SNAPSHOT @ D:\rd_java_training\CleanCodeTasks\Complex-task\pom.xml.
2020-01-16 13:23:12,770 [Worker-29: Update Maven projects configuration] INFO  o.e.m.j.i.AbstractJavaProjectConfigurator - Adding source folder /Complex-task/src/main/java
2020-01-16 13:23:12,782 [Worker-29: Update Maven projects configuration] INFO  o.e.m.j.i.AbstractJavaProjectConfigurator - Adding source folder /Complex-task/src/test/java
2020-01-16 13:23:12,942 [Worker-29: Update Maven projects configuration] INFO  o.e.m.c.i.p.ProjectConfigurationManager - Update completed: 0 sec
2020-01-16 13:23:13,351 [Worker-31: Building] INFO  o.e.m.c.i.embedder.EclipseLogger - Using 'UTF-8' encoding to copy filtered resources.
2020-01-16 13:23:13,351 [Worker-31: Building] INFO  o.e.m.c.i.embedder.EclipseLogger - skip non existing resourceDirectory D:\rd_java_training\CleanCodeTasks\Complex-task\src\main\resources
2020-01-16 13:23:13,352 [Worker-31: Building] INFO  o.e.m.c.i.embedder.EclipseLogger - Using 'UTF-8' encoding to copy filtered resources.
2020-01-16 13:23:13,353 [Worker-31: Building] INFO  o.e.m.c.i.embedder.EclipseLogger - skip non existing resourceDirectory D:\rd_java_training\CleanCodeTasks\Complex-task\src\test\resources
2020-01-16 15:12:09,586 [Worker-26: Update Maven projects configuration] INFO  o.e.m.c.i.p.ProjectConfigurationManager - Update started
2020-01-16 15:12:09,717 [Worker-26: Update Maven projects configuration] INFO  o.e.m.c.i.l.LifecycleMappingFactory - Using org.eclipse.m2e.jdt.JarLifecycleMapping lifecycle mapping for MavenProject: com.epam.engx.cleancode:DRY:1.0-SNAPSHOT @ D:\rd_java_training\CleanCodeTasks\DRY\pom.xml.
2020-01-16 15:12:10,099 [Worker-26: Update Maven projects configuration] INFO  o.e.m.j.i.AbstractJavaProjectConfigurator - Adding source folder /DRY/src/main/java
2020-01-16 15:12:10,100 [Worker-26: Update Maven projects configuration] INFO  o.e.m.j.i.AbstractJavaProjectConfigurator - Adding source folder /DRY/src/test/java
2020-01-16 15:12:10,234 [Worker-26: Update Maven projects configuration] INFO  o.e.m.c.i.p.ProjectConfigurationManager - Update completed: 0 sec
2020-01-16 15:12:10,445 [Worker-42: Building] INFO  o.e.m.c.i.embedder.EclipseLogger - Using 'UTF-8' encoding to copy filtered resources.
2020-01-16 15:12:10,445 [Worker-42: Building] INFO  o.e.m.c.i.embedder.EclipseLogger - skip non existing resourceDirectory D:\rd_java_training\CleanCodeTasks\DRY\src\main\resources
2020-01-16 15:12:10,446 [Worker-42: Building] INFO  o.e.m.c.i.embedder.EclipseLogger - Using 'UTF-8' encoding to copy filtered resources.
2020-01-16 15:12:10,446 [Worker-42: Building] INFO  o.e.m.c.i.embedder.EclipseLogger - skip non existing resourceDirectory D:\rd_java_training\CleanCodeTasks\DRY\src\test\resources
2020-01-16 16:30:45,166 [Worker-46: Update Maven projects configuration] INFO  o.e.m.c.i.p.ProjectConfigurationManager - Update started
2020-01-16 16:30:45,272 [Worker-46: Update Maven projects configuration] INFO  o.e.m.c.i.l.LifecycleMappingFactory - Using org.eclipse.m2e.jdt.JarLifecycleMapping lifecycle mapping for MavenProject: com.epam:Fun:1.0-SNAPSHOT @ D:\rd_java_training\Fun\pom.xml.
2020-01-16 16:30:45,758 [Worker-46: Update Maven projects configuration] INFO  o.e.m.j.i.AbstractJavaProjectConfigurator - Adding source folder /Fun/src/main/java
2020-01-16 16:30:45,761 [Worker-46: Update Maven projects configuration] INFO  o.e.m.j.i.AbstractJavaProjectConfigurator - Adding source folder /Fun/src/test/java
2020-01-16 16:30:45,926 [Worker-46: Update Maven projects configuration] INFO  o.e.m.c.i.p.ProjectConfigurationManager - Update completed: 0 sec
2020-01-16 16:30:46,135 [Worker-42: Building] WARN  o.e.m.c.i.embedder.EclipseLogger - Using platform encoding (Cp1252 actually) to copy filtered resources, i.e. build is platform dependent!
2020-01-16 16:30:46,138 [Worker-42: Building] INFO  o.e.m.c.i.embedder.EclipseLogger - skip non existing resourceDirectory D:\rd_java_training\Fun\src\main\resources
2020-01-16 16:30:46,139 [Worker-42: Building] WARN  o.e.m.c.i.embedder.EclipseLogger - Using platform encoding (Cp1252 actually) to copy filtered resources, i.e. build is platform dependent!
2020-01-16 16:30:46,140 [Worker-42: Building] INFO  o.e.m.c.i.embedder.EclipseLogger - skip non existing resourceDirectory D:\rd_java_training\Fun\src\test\resources
2020-01-16 16:31:10,065 [Worker-48: Building] INFO  o.e.m.c.i.l.LifecycleMappingFactory - Using org.eclipse.m2e.jdt.JarLifecycleMapping lifecycle mapping for MavenProject: com.epam:Fun:1.0-SNAPSHOT @ D:\rd_java_training\Fun\pom.xml.
2020-01-16 16:31:11,268 [Worker-48: Building] INFO  o.e.m.c.i.e.AbstractTransferListenerAdapter - Downloaded https://repo.maven.apache.org/maven2/junit/junit/3.7.0/junit-3.7.0.pom
2020-01-16 16:31:11,273 [Worker-48: Building] WARN  o.e.m.c.i.embedder.EclipseLogger - The POM for junit:junit:jar:3.7.0 is missing, no dependency information available
2020-01-16 16:31:11,463 [Worker-48: Building] INFO  o.e.m.c.i.e.AbstractTransferListenerAdapter - Downloaded https://repo.maven.apache.org/maven2/junit/junit/3.7.0/junit-3.7.0.jar
2020-01-16 16:31:11,716 [Worker-48: Building] WARN  o.e.m.c.i.embedder.EclipseLogger - Using platform encoding (Cp1252 actually) to copy filtered resources, i.e. build is platform dependent!
2020-01-16 16:31:11,718 [Worker-48: Building] INFO  o.e.m.c.i.embedder.EclipseLogger - skip non existing resourceDirectory D:\rd_java_training\Fun\src\main\resources
2020-01-16 16:31:11,718 [Worker-48: Building] WARN  o.e.m.c.i.embedder.EclipseLogger - Using platform encoding (Cp1252 actually) to copy filtered resources, i.e. build is platform dependent!
2020-01-16 16:31:11,719 [Worker-48: Building] INFO  o.e.m.c.i.embedder.EclipseLogger - skip non existing resourceDirectory D:\rd_java_training\Fun\src\test\resources
2020-01-16 16:31:12,696 [Worker-46: Download sources and javadoc] WARN  o.e.m.c.i.embedder.EclipseLogger - The POM for junit:junit:jar:3.7.0 is missing, no dependency information available
2020-01-16 16:31:13,574 [Worker-46: Download sources and javadoc] INFO  o.e.m.c.i.e.AbstractTransferListenerAdapter - Downloaded https://repo.maven.apache.org/maven2/junit/junit/3.7.0/junit-3.7.0-sources.jar
2020-01-16 16:31:13,605 [Worker-46: Download sources and javadoc] ERROR o.e.m.j.internal.DownloadSourcesJob - Could not download sources for junit:junit:3.7.0
org.eclipse.core.runtime.CoreException: Could not resolve artifact junit:junit:jar:sources:3.7.0
	at org.eclipse.m2e.core.internal.embedder.MavenImpl.lambda$4(MavenImpl.java:805) ~[org.eclipse.m2e.core_1.14.0.20191209-1925.jar:na]
	at org.eclipse.m2e.core.internal.embedder.MavenExecutionContext.executeBare(MavenExecutionContext.java:179) ~[org.eclipse.m2e.core_1.14.0.20191209-1925.jar:na]
	at org.eclipse.m2e.core.internal.embedder.MavenExecutionContext.execute(MavenExecutionContext.java:114) ~[org.eclipse.m2e.core_1.14.0.20191209-1925.jar:na]
	at org.eclipse.m2e.core.internal.embedder.MavenExecutionContext.execute(MavenExecutionContext.java:101) ~[org.eclipse.m2e.core_1.14.0.20191209-1925.jar:na]
	at org.eclipse.m2e.core.internal.embedder.MavenImpl.resolve(MavenImpl.java:773) ~[org.eclipse.m2e.core_1.14.0.20191209-1925.jar:na]
	at org.eclipse.m2e.core.internal.embedder.MavenImpl.resolve(MavenImpl.java:750) ~[org.eclipse.m2e.core_1.14.0.20191209-1925.jar:na]
	at org.eclipse.m2e.jdt.internal.DownloadSourcesJob.download(DownloadSourcesJob.java:330) [org.eclipse.m2e.jdt_1.14.0.20191209-1925.jar:na]
	at org.eclipse.m2e.jdt.internal.DownloadSourcesJob.downloadAttachments(DownloadSourcesJob.java:304) [org.eclipse.m2e.jdt_1.14.0.20191209-1925.jar:na]
	at org.eclipse.m2e.jdt.internal.DownloadSourcesJob.downloadMaven(DownloadSourcesJob.java:269) [org.eclipse.m2e.jdt_1.14.0.20191209-1925.jar:na]
	at org.eclipse.m2e.jdt.internal.DownloadSourcesJob.downloadFilesAndPopulateToUpdate(DownloadSourcesJob.java:233) [org.eclipse.m2e.jdt_1.14.0.20191209-1925.jar:na]
	at org.eclipse.m2e.jdt.internal.DownloadSourcesJob.lambda$0(DownloadSourcesJob.java:161) [org.eclipse.m2e.jdt_1.14.0.20191209-1925.jar:na]
	at org.eclipse.m2e.core.internal.embedder.MavenExecutionContext.executeBare(MavenExecutionContext.java:179) ~[org.eclipse.m2e.core_1.14.0.20191209-1925.jar:na]
	at org.eclipse.m2e.core.internal.embedder.MavenExecutionContext.execute(MavenExecutionContext.java:153) ~[org.eclipse.m2e.core_1.14.0.20191209-1925.jar:na]
	at org.eclipse.m2e.core.internal.embedder.MavenExecutionContext.execute(MavenExecutionContext.java:101) ~[org.eclipse.m2e.core_1.14.0.20191209-1925.jar:na]
	at org.eclipse.m2e.core.internal.embedder.MavenImpl.execute(MavenImpl.java:1375) ~[org.eclipse.m2e.core_1.14.0.20191209-1925.jar:na]
	at org.eclipse.m2e.jdt.internal.DownloadSourcesJob.run(DownloadSourcesJob.java:161) [org.eclipse.m2e.jdt_1.14.0.20191209-1925.jar:na]
	at org.eclipse.core.internal.jobs.Worker.run(Worker.java:63) ~[org.eclipse.core.jobs_3.10.600.v20191122-2104.jar:na]
2020-01-16 16:31:50,828 [Worker-46: Building] INFO  o.e.m.c.i.l.LifecycleMappingFactory - Using org.eclipse.m2e.jdt.JarLifecycleMapping lifecycle mapping for MavenProject: com.epam:Fun:1.0-SNAPSHOT @ D:\rd_java_training\Fun\pom.xml.
2020-01-16 16:31:50,907 [Worker-46: Building] WARN  o.e.m.c.i.embedder.EclipseLogger - Using platform encoding (Cp1252 actually) to copy filtered resources, i.e. build is platform dependent!
2020-01-16 16:31:50,909 [Worker-46: Building] INFO  o.e.m.c.i.embedder.EclipseLogger - skip non existing resourceDirectory D:\rd_java_training\Fun\src\main\resources
2020-01-16 16:31:50,910 [Worker-46: Building] WARN  o.e.m.c.i.embedder.EclipseLogger - Using platform encoding (Cp1252 actually) to copy filtered resources, i.e. build is platform dependent!
2020-01-16 16:31:50,911 [Worker-46: Building] INFO  o.e.m.c.i.embedder.EclipseLogger - skip non existing resourceDirectory D:\rd_java_training\Fun\src\test\resources
2020-01-16 16:31:52,083 [Worker-45: Building] WARN  o.e.m.c.i.embedder.EclipseLogger - Using platform encoding (Cp1252 actually) to copy filtered resources, i.e. build is platform dependent!
2020-01-16 16:31:52,084 [Worker-45: Building] INFO  o.e.m.c.i.embedder.EclipseLogger - skip non existing resourceDirectory D:\rd_java_training\Fun\src\main\resources
2020-01-16 16:31:52,086 [Worker-45: Building] WARN  o.e.m.c.i.embedder.EclipseLogger - Using platform encoding (Cp1252 actually) to copy filtered resources, i.e. build is platform dependent!
2020-01-16 16:31:52,087 [Worker-45: Building] INFO  o.e.m.c.i.embedder.EclipseLogger - skip non existing resourceDirectory D:\rd_java_training\Fun\src\test\resources
